{"level":"info","message":"✅ Database connection established successfully","service":"database","timestamp":"2025-08-09T07:36:16.267Z"}
{"level":"info","message":"✅ Database connection established successfully","service":"database","timestamp":"2025-08-10T20:39:07.641Z"}
{"level":"info","message":"✅ Database connection established successfully","service":"database","timestamp":"2025-08-10T21:06:42.542Z"}
{"level":"info","message":"✅ Database connection established successfully","service":"database","timestamp":"2025-08-10T21:46:21.381Z"}
{"level":"info","message":"✅ Database connection established successfully","service":"database","timestamp":"2025-08-10T21:47:24.256Z"}
{"level":"info","message":"✅ Database connection established successfully","service":"database","timestamp":"2025-08-10T21:48:53.302Z"}
{"level":"info","message":"✅ Database connection established successfully","service":"database","timestamp":"2025-08-10T21:53:35.061Z"}
{"level":"info","message":"✅ Database connection established successfully","service":"database","timestamp":"2025-08-10T22:06:08.929Z"}
{"level":"info","message":"✅ Database connection established successfully","service":"database","timestamp":"2025-08-10T22:08:51.444Z"}
{"level":"info","message":"✅ Database connection established successfully","service":"database","timestamp":"2025-08-10T22:10:23.900Z"}
{"level":"info","message":"✅ Database connection established successfully","service":"database","timestamp":"2025-08-10T22:13:42.283Z"}
{"level":"info","message":"✅ Database connection established successfully","service":"database","timestamp":"2025-08-10T22:54:15.109Z"}
{"level":"info","message":"✅ Database connection established successfully","service":"database","timestamp":"2025-08-10T22:55:04.235Z"}
{"level":"info","message":"✅ Database connection established successfully","service":"database","timestamp":"2025-08-10T22:57:28.249Z"}
{"level":"info","message":"✅ Database connection established successfully","service":"database","timestamp":"2025-08-11T17:30:11.663Z"}
{"level":"info","message":"✅ Database connection established successfully","service":"database","timestamp":"2025-08-11T19:12:57.872Z"}
{"level":"info","message":"✅ Database connection established successfully","service":"database","timestamp":"2025-08-11T19:18:33.097Z"}
{"level":"info","message":"✅ Database connection established successfully","service":"database","timestamp":"2025-08-11T19:25:54.147Z"}
{"level":"info","message":"✅ Database connection established successfully","service":"database","timestamp":"2025-08-11T19:52:21.571Z"}
{"level":"info","message":"✅ Database connection established successfully","service":"database","timestamp":"2025-08-11T20:17:09.725Z"}
{"level":"info","message":"✅ Database connection established successfully","service":"database","timestamp":"2025-08-11T20:27:40.032Z"}
{"level":"info","message":"✅ Database connection established successfully","service":"database","timestamp":"2025-08-12T00:25:46.188Z"}
{"level":"info","message":"✅ Database connection established successfully","service":"database","timestamp":"2025-08-12T01:17:22.843Z"}
{"level":"info","message":"✅ Database connection established successfully","service":"database","timestamp":"2025-08-12T01:20:56.248Z"}
{"level":"info","message":"✅ Database connection established successfully","service":"database","timestamp":"2025-08-12T01:26:17.639Z"}
{"level":"info","message":"✅ Database connection established successfully","service":"database","timestamp":"2025-08-12T01:28:33.824Z"}
{"level":"info","message":"✅ Database connection established successfully","service":"database","timestamp":"2025-08-12T01:33:15.903Z"}
{"level":"info","message":"✅ Database connection established successfully","service":"database","timestamp":"2025-08-12T01:36:40.812Z"}
{"level":"info","message":"✅ Database connection established successfully","service":"database","timestamp":"2025-08-12T01:41:43.885Z"}
{"level":"info","message":"✅ Database connection established successfully","service":"database","timestamp":"2025-08-12T03:06:12.938Z"}
{"level":"info","message":"✅ Database connection established successfully","service":"database","timestamp":"2025-08-12T03:09:14.971Z"}
{"level":"info","message":"✅ Database connection established successfully","service":"database","timestamp":"2025-08-12T03:21:42.577Z"}
{"level":"info","message":"✅ Database connection established successfully","service":"database","timestamp":"2025-08-12T04:02:30.028Z"}
{"level":"info","message":"✅ Database connection established successfully","service":"database","timestamp":"2025-08-12T04:07:50.414Z"}
{"level":"info","message":"✅ Database connection established successfully","service":"database","timestamp":"2025-08-12T04:30:11.797Z"}
{"level":"info","message":"✅ Database connection established successfully","service":"database","timestamp":"2025-08-12T16:52:37.688Z"}
{"level":"info","message":"✅ Database connection established successfully","service":"database","timestamp":"2025-08-12T18:01:23.191Z"}
{"level":"info","message":"✅ Database connection established successfully","service":"database","timestamp":"2025-08-12T18:02:59.694Z"}
{"level":"info","message":"✅ Database connection established successfully","service":"database","timestamp":"2025-08-12T18:53:15.075Z"}
{"level":"info","message":"✅ Database connection established successfully","service":"database","timestamp":"2025-08-13T15:16:03.094Z"}
{"level":"info","message":"✅ Database connection established successfully","service":"database","timestamp":"2025-08-13T16:35:37.316Z"}
{"level":"info","message":"✅ Database connection established successfully","service":"database","timestamp":"2025-08-13T16:50:42.293Z"}
{"level":"info","message":"✅ Database connection established successfully","service":"database","timestamp":"2025-08-13T16:51:34.469Z"}
{"level":"info","message":"✅ Database connection established successfully","service":"database","timestamp":"2025-08-13T16:59:14.434Z"}
{"level":"info","message":"✅ Database connection established successfully","service":"database","timestamp":"2025-08-13T17:15:22.274Z"}
{"level":"info","message":"✅ Database connection established successfully","service":"database","timestamp":"2025-08-13T20:05:42.167Z"}
{"level":"info","message":"✅ Database connection established successfully","service":"database","timestamp":"2025-08-13T20:50:15.916Z"}
{"level":"info","message":"✅ Database connection established successfully","service":"database","timestamp":"2025-08-13T20:56:07.546Z"}
{"level":"info","message":"✅ Database connection established successfully","service":"database","timestamp":"2025-08-13T21:40:42.004Z"}
{"level":"info","message":"✅ Database connection established successfully","service":"database","timestamp":"2025-08-14T02:09:06.637Z"}
{"level":"info","message":"✅ Database connection established successfully","service":"database","timestamp":"2025-08-14T02:09:23.944Z"}
{"level":"info","message":"✅ Database connection established successfully","service":"database","timestamp":"2025-08-14T02:15:47.477Z"}
{"level":"info","message":"✅ Database connection established successfully","service":"database","timestamp":"2025-08-14T02:28:51.540Z"}
{"level":"info","message":"✅ Database connection established successfully","service":"database","timestamp":"2025-08-14T03:26:05.374Z"}
{"level":"error","message":"❌ Database query failed:","service":"database","timestamp":"2025-08-14T03:28:23.038Z"}
{"level":"error","message":"Query:","service":"database","timestamp":"2025-08-14T03:28:23.038Z"}
{"0":"%American Pain Consortium Holdings, LLC%","1":"American Pain Consortium Holdings, LLC","10":"%APC Holdings%","11":"APC Holdings","12":"%APC Management%","13":"APC Management","2":"%American Pain Consortium Holdings%","3":"American Pain Consortium Holdings","4":"%American Pain Consortium Management, LLC%","5":"American Pain Consortium Management, LLC","6":"%American Pain Consortium Management%","7":"American Pain Consortium Management","8":"%American Pain Consortium%","9":"American Pain Consortium","level":"error","message":"Params:","service":"database","timestamp":"2025-08-14T03:28:23.039Z"}
{"level":"info","message":"✅ Database connection established successfully","service":"database","timestamp":"2025-08-14T15:50:19.194Z"}
{"level":"error","message":"❌ Database query failed:","service":"database","timestamp":"2025-08-14T15:54:33.136Z"}
{"level":"error","message":"Query:","service":"database","timestamp":"2025-08-14T15:54:33.137Z"}
{"0":"%Entertainment Partners, LLC%","1":"Entertainment Partners, LLC","2":"%Entertainment Partners%","3":"Entertainment Partners","4":"%Entertainment%","5":"Entertainment","level":"error","message":"Params:","service":"database","timestamp":"2025-08-14T15:54:33.137Z"}
{"level":"error","message":"❌ Database query failed:","service":"database","timestamp":"2025-08-14T15:58:28.038Z"}
{"level":"error","message":"Query:","service":"database","timestamp":"2025-08-14T15:58:28.039Z"}
{"0":"%Majestic Realty Company%","1":"Majestic Realty Company","2":"%Majestic Real Estate%","3":"Majestic Real Estate","4":"%Majestic Realty Collective Inc%","5":"Majestic Realty Collective Inc","6":"%Majestic Realty Collective LLC%","7":"Majestic Realty Collective LLC","level":"error","message":"Params:","service":"database","timestamp":"2025-08-14T15:58:28.039Z"}
{"level":"error","message":"❌ Database query failed:","service":"database","timestamp":"2025-08-14T15:58:31.186Z"}
{"level":"error","message":"Query:","service":"database","timestamp":"2025-08-14T15:58:31.187Z"}
{"0":"%Majestic Realty Company%","1":"Majestic Realty Company","2":"%Majestic Real Estate%","3":"Majestic Real Estate","4":"%Majestic Realty Collective Inc%","5":"Majestic Realty Collective Inc","6":"%Majestic Realty Collective LLC%","7":"Majestic Realty Collective LLC","level":"error","message":"Params:","service":"database","timestamp":"2025-08-14T15:58:31.187Z"}
{"level":"info","message":"✅ Database connection established successfully","service":"database","timestamp":"2025-08-14T23:28:22.325Z"}
{"level":"error","message":"❌ Database query failed:","service":"database","timestamp":"2025-08-14T23:37:51.920Z"}
{"level":"error","message":"Query:","service":"database","timestamp":"2025-08-14T23:37:51.921Z"}
{"0":"%SmartBug Operating LLC%","1":"SmartBug Operating LLC","2":"%SmartBug Media%","3":"SmartBug Media","4":"%SmartBug%","5":"SmartBug","6":"%SmartBug LLC%","7":"SmartBug LLC","8":"%SmartBug Media Inc%","9":"SmartBug Media Inc","level":"error","message":"Params:","service":"database","timestamp":"2025-08-14T23:37:51.921Z"}
{"level":"error","message":"❌ Database query failed:","service":"database","timestamp":"2025-08-14T23:37:54.426Z"}
{"level":"error","message":"Query:","service":"database","timestamp":"2025-08-14T23:37:54.427Z"}
{"0":"%SmartBug Operating LLC%","1":"SmartBug Operating LLC","2":"%SmartBug Media%","3":"SmartBug Media","4":"%SmartBug%","5":"SmartBug","6":"%SmartBug LLC%","7":"SmartBug LLC","8":"%SmartBug Media Inc%","9":"SmartBug Media Inc","level":"error","message":"Params:","service":"database","timestamp":"2025-08-14T23:37:54.427Z"}
